<?xml version="1.0" encoding="UTF-8"?>
<!-- Generated by org.testng.reporters.JUnitReportReporter -->
<testsuite name="june21st.select" tests="1" time="21.969" ignored="6" failures="0" timestamp="21 Jun 2017 22:04:42 GMT" skipped="0" hostname="shashidhar" errors="0">
  <testcase name="uploadFile" time="21.969" classname="june21st.select"/>
  <testcase name="checkBox" classname="june21st.select">
    <skipped/>
  </testcase> <!-- checkBox -->
  <testcase name="switchWindow" classname="june21st.select">
    <skipped/>
  </testcase> <!-- switchWindow -->
  <testcase name="actionClass" classname="june21st.select">
    <skipped/>
  </testcase> <!-- actionClass -->
  <testcase name="vrfyList" classname="june21st.select">
    <skipped/>
  </testcase> <!-- vrfyList -->
  <testcase name="radioButton" classname="june21st.select">
    <skipped/>
  </testcase> <!-- radioButton -->
  <testcase name="switchFrame" classname="june21st.select">
    <skipped/>
  </testcase> <!-- switchFrame -->
</testsuite> <!-- june21st.select -->
