<?xml version="1.0" encoding="UTF-8"?>
<!-- Generated by org.testng.reporters.JUnitReportReporter -->
<testsuite name="testcase.WindowSwitch" tests="2" time="35.011" ignored="1" failures="0" timestamp="10 Jun 2017 17:55:23 GMT" skipped="0" hostname="shashidhar" errors="0">
  <testcase name="forEachLoop" time="19.401" classname="testcase.WindowSwitch"/>
  <testcase name="whileLoop" time="15.610" classname="testcase.WindowSwitch"/>
  <testcase name="forLoop" classname="testcase.WindowSwitch">
    <skipped/>
  </testcase> <!-- forLoop -->
</testsuite> <!-- testcase.WindowSwitch -->
