<?xml version="1.0" encoding="UTF-8"?>
<!-- Generated by org.testng.reporters.JUnitReportReporter -->
<testsuite name="javascript.JavaScrptTest" tests="1" time="23.559" ignored="0" failures="0" timestamp="20 Jun 2017 03:53:55 GMT" skipped="0" hostname="shashidhar" errors="0">
  <testcase name="jScript" time="23.559" classname="javascript.JavaScrptTest"/>
</testsuite> <!-- javascript.JavaScrptTest -->
